<?xml version="1.0" encoding="UTF-8"?>
<testng-results skipped="0" failed="0" total="1" passed="1">
  <reporter-output>
  </reporter-output>
  <suite name="Suite" duration-ms="12229" started-at="2022-02-05T11:34:05Z" finished-at="2022-02-05T11:34:17Z">
    <groups>
    </groups>
    <test name="Test" duration-ms="12229" started-at="2022-02-05T11:34:05Z" finished-at="2022-02-05T11:34:17Z">
      <class name="codebase.TestScripts.sauceLabsChallenge">
        <test-method status="PASS" signature="setUp()[pri:0, instance:codebase.TestScripts.sauceLabsChallenge@e056f20]" name="setUp" is-config="true" duration-ms="9787" started-at="2022-02-05T17:04:05Z" finished-at="2022-02-05T17:04:15Z">
          <reporter-output>
          </reporter-output>
        </test-method> <!-- setUp -->
        <test-method status="PASS" signature="challengeOne()[pri:0, instance:codebase.TestScripts.sauceLabsChallenge@e056f20]" name="challengeOne" duration-ms="1376" started-at="2022-02-05T17:04:15Z" finished-at="2022-02-05T17:04:16Z">
          <reporter-output>
          </reporter-output>
        </test-method> <!-- challengeOne -->
        <test-method status="PASS" signature="quit()[pri:0, instance:codebase.TestScripts.sauceLabsChallenge@e056f20]" name="quit" is-config="true" duration-ms="1049" started-at="2022-02-05T17:04:16Z" finished-at="2022-02-05T17:04:17Z">
          <reporter-output>
          </reporter-output>
        </test-method> <!-- quit -->
      </class> <!-- codebase.TestScripts.sauceLabsChallenge -->
    </test> <!-- Test -->
  </suite> <!-- Suite -->
</testng-results>
